<?xml version="1.0" encoding="UTF-8"?>
<!-- Generated by org.testng.reporters.JUnitXMLReporter -->
<testsuite ignored="0" hostname="agrewal1021" failures="1" tests="1" name="Transfer-4" time="185.321" errors="0" timestamp="2024-05-09T13:57:20 EDT">
  <testcase classname="Allure.AllureDemoJAVA11.HNB_ConsumerRealDevice" name="SendTransfer" time="94.005">
    <failure type="org.openqa.selenium.NoSuchElementException" message="An element could not be located on the page using the given search parameters.
For documentation on this error, please visit: https://www.selenium.dev/documentation/webdriver/troubleshooting/errors#no-such-element-exception
Build info: version: &amp;apos;4.20.0&amp;apos;, revision: &amp;apos;866c76ca80&amp;apos;
System info: os.name: &amp;apos;Mac OS X&amp;apos;, os.arch: &amp;apos;x86_64&amp;apos;, os.version: &amp;apos;10.16&amp;apos;, java.version: &amp;apos;12.0.2&amp;apos;
Driver info: io.appium.java_client.ios.IOSDriver
Command: [cd99e189-1c60-4162-853f-2aaff9f0031d, findElement {using=xpath, value=//XCUIElementTypeButton[@name=&amp;apos;Accept&amp;apos;]}]
Capabilities {appium:app: PUBLIC:HuntingtonApp/qa_6_5..., appium:assert_javascript_enabled: true, appium:audioStreamInfo: {&amp;quot;audioStreamingServerUrl&amp;quot;:..., appium:automationName: XCuiTest, appium:bundleId: com.huntington.test, appium:databaseEnabled: false, appium:deviceName: 6B6F3F934DF8C8FD627BCC8F8D9..., appium:deviceSessionId: cd99e189-1c60-4162-853f-2aa..., appium:entityType: appium_driver, appium:executionId: cd99e189-1c60-4162-853f-2aa..., appium:host: hnb.perfectomobile.com, appium:iOSResign: true, appium:internalPureAppiumFlow: true, appium:javascriptEnabled: true, appium:locationContextEnabled: false, appium:mcmExecutionId: ajaydeepg@perfectomobile.on..., appium:model: iPhone.*, appium:networkConnectionEnabled: false, appium:password: , appium:platformVersion: 12.1.2, appium:reportPdfUrl: https://hnb.app.perfectomob..., appium:scriptName: RemoteWebDriver, appium:securityToken: , appium:serverConnector: , appium:simpleIsVisibleCheck: true, appium:stopUrl: https://hnb.perfectomobile...., appium:streamInfo: {&amp;quot;url&amp;quot;:&amp;quot;wss://ams-01.perfec..., appium:takesScreenshot: true, appium:testGridReportUrl: https://hnb.app.perfectomob..., appium:testRunWithPureAppiumFlow: true, appium:udid: 6b6f3f934df8c8fd627bcc8f8d9..., appium:webStorageEnabled: false, appium:xcuitestFindOptimizations: true, platformName: IOS}
Session ID: cd99e189-1c60-4162-853f-2aaff9f0031d">
      <![CDATA[org.openqa.selenium.NoSuchElementException: An element could not be located on the page using the given search parameters.
For documentation on this error, please visit: https://www.selenium.dev/documentation/webdriver/troubleshooting/errors#no-such-element-exception
Build info: version: '4.20.0', revision: '866c76ca80'
System info: os.name: 'Mac OS X', os.arch: 'x86_64', os.version: '10.16', java.version: '12.0.2'
Driver info: io.appium.java_client.ios.IOSDriver
Command: [cd99e189-1c60-4162-853f-2aaff9f0031d, findElement {using=xpath, value=//XCUIElementTypeButton[@name='Accept']}]
Capabilities {appium:app: PUBLIC:HuntingtonApp/qa_6_5..., appium:assert_javascript_enabled: true, appium:audioStreamInfo: {"audioStreamingServerUrl":..., appium:automationName: XCuiTest, appium:bundleId: com.huntington.test, appium:databaseEnabled: false, appium:deviceName: 6B6F3F934DF8C8FD627BCC8F8D9..., appium:deviceSessionId: cd99e189-1c60-4162-853f-2aa..., appium:entityType: appium_driver, appium:executionId: cd99e189-1c60-4162-853f-2aa..., appium:host: hnb.perfectomobile.com, appium:iOSResign: true, appium:internalPureAppiumFlow: true, appium:javascriptEnabled: true, appium:locationContextEnabled: false, appium:mcmExecutionId: ajaydeepg@perfectomobile.on..., appium:model: iPhone.*, appium:networkConnectionEnabled: false, appium:password: , appium:platformVersion: 12.1.2, appium:reportPdfUrl: https://hnb.app.perfectomob..., appium:scriptName: RemoteWebDriver, appium:securityToken: , appium:serverConnector: , appium:simpleIsVisibleCheck: true, appium:stopUrl: https://hnb.perfectomobile...., appium:streamInfo: {"url":"wss://ams-01.perfec..., appium:takesScreenshot: true, appium:testGridReportUrl: https://hnb.app.perfectomob..., appium:testRunWithPureAppiumFlow: true, appium:udid: 6b6f3f934df8c8fd627bcc8f8d9..., appium:webStorageEnabled: false, appium:xcuitestFindOptimizations: true, platformName: IOS}
Session ID: cd99e189-1c60-4162-853f-2aaff9f0031d
at org.openqa.selenium.remote.codec.w3c.W3CHttpResponseCodec.createException(W3CHttpResponseCodec.java:200)
at org.openqa.selenium.remote.codec.w3c.W3CHttpResponseCodec.decode(W3CHttpResponseCodec.java:133)
at org.openqa.selenium.remote.codec.w3c.W3CHttpResponseCodec.decode(W3CHttpResponseCodec.java:52)
at org.openqa.selenium.remote.HttpCommandExecutor.execute(HttpCommandExecutor.java:191)
at io.appium.java_client.remote.AppiumCommandExecutor.execute(AppiumCommandExecutor.java:262)
at org.openqa.selenium.remote.RemoteWebDriver.execute(RemoteWebDriver.java:602)
at org.openqa.selenium.remote.ElementLocation$ElementFinder$2.findElement(ElementLocation.java:165)
at org.openqa.selenium.remote.ElementLocation.findElement(ElementLocation.java:59)
at org.openqa.selenium.remote.RemoteWebDriver.findElement(RemoteWebDriver.java:359)
at org.openqa.selenium.remote.RemoteWebDriver.findElement(RemoteWebDriver.java:353)
at Allure.AllureDemoJAVA11.HNB_ConsumerRealDevice.SendTransfer(HNB_ConsumerRealDevice.java:118)
at java.base/java.util.ArrayList.forEach(ArrayList.java:1540)
at java.base/java.util.concurrent.FutureTask.run(FutureTask.java:264)
at java.base/java.util.concurrent.ThreadPoolExecutor.runWorker(ThreadPoolExecutor.java:1128)
at java.base/java.util.concurrent.ThreadPoolExecutor$Worker.run(ThreadPoolExecutor.java:628)
at java.base/java.lang.Thread.run(Thread.java:835)
... Removed 21 stack frames]]>
    </failure>
  </testcase> <!-- SendTransfer -->
</testsuite> <!-- Transfer-4 -->
