<?xml version="1.0" encoding="UTF-8"?>
<testng-results ignored="0" total="1" passed="1" failed="0" skipped="0">
  <reporter-output>
  </reporter-output>
  <suite started-at="2024-07-10T18:57:16Z" name="Login" finished-at="2024-07-10T18:57:17Z" duration-ms="294">
    <groups>
      <group name="allure">
        <method signature="NewTest.f()[pri:0, instance:Allure.AllureDemoJAVA11.NewTest@4de4b452]" name="f" class="Allure.AllureDemoJAVA11.NewTest"/>
      </group> <!-- allure -->
    </groups>
    <test started-at="2024-07-10T18:57:16Z" name="Transfer-1" finished-at="2024-07-10T18:57:17Z" duration-ms="294">
      <class name="Allure.AllureDemoJAVA11.NewTest">
        <test-method is-config="true" signature="setup()[pri:0, instance:Allure.AllureDemoJAVA11.NewTest@4de4b452]" started-at="2024-07-10T18:57:16Z" name="setup" finished-at="2024-07-10T18:57:16Z" duration-ms="17" status="PASS">
          <reporter-output>
          </reporter-output>
        </test-method> <!-- setup -->
        <test-method signature="f()[pri:0, instance:Allure.AllureDemoJAVA11.NewTest@4de4b452]" started-at="2024-07-10T18:57:16Z" name="f" finished-at="2024-07-10T18:57:17Z" duration-ms="141" status="PASS">
          <reporter-output>
          </reporter-output>
        </test-method> <!-- f -->
        <test-method is-config="true" signature="teardown()[pri:0, instance:Allure.AllureDemoJAVA11.NewTest@4de4b452]" started-at="2024-07-10T18:57:17Z" name="teardown" finished-at="2024-07-10T18:57:17Z" duration-ms="1" status="PASS">
          <reporter-output>
          </reporter-output>
        </test-method> <!-- teardown -->
      </class> <!-- Allure.AllureDemoJAVA11.NewTest -->
    </test> <!-- Transfer-1 -->
  </suite> <!-- Login -->
</testng-results>
